<?xml version="1.0" encoding="UTF-8"?>
<testsuite xmlns:xsi="http://www.w3.org/2001/XMLSchema-instance" xsi:noNamespaceSchemaLocation="https://maven.apache.org/surefire/maven-surefire-plugin/xsd/surefire-test-report.xsd" name="C2.DocGenFormTemplate.AppTest" time="0.014" tests="1" errors="0" skipped="0" failures="0">
  <properties>
    <property name="sun.desktop" value="gnome"/>
    <property name="awt.toolkit" value="sun.awt.X11.XToolkit"/>
    <property name="file.encoding.pkg" value="sun.io"/>
    <property name="java.specification.version" value="1.8"/>
    <property name="sun.cpu.isalist" value=""/>
    <property name="sun.jnu.encoding" value="UTF-8"/>
    <property name="java.class.path" value="/home/yashpatel/DocGenFromTemplate/DocGenFormTemplate/target/test-classes:/home/yashpatel/DocGenFromTemplate/DocGenFormTemplate/target/classes:/home/yashpatel/.m2/repository/junit/junit/4.11/junit-4.11.jar:/home/yashpatel/.m2/repository/org/hamcrest/hamcrest-core/1.3/hamcrest-core-1.3.jar:/home/yashpatel/.m2/repository/org/wickedsource/docx-stamper/1.1.0/docx-stamper-1.1.0.jar:/home/yashpatel/.m2/repository/commons-io/commons-io/2.5/commons-io-2.5.jar:/home/yashpatel/.m2/repository/org/javassist/javassist/3.21.0-GA/javassist-3.21.0-GA.jar:/home/yashpatel/.m2/repository/org/docx4j/docx4j/3.3.0/docx4j-3.3.0.jar:/home/yashpatel/.m2/repository/org/plutext/jaxb-svg11/1.0.2/jaxb-svg11-1.0.2.jar:/home/yashpatel/.m2/repository/net/engio/mbassador/1.2.4.2/mbassador-1.2.4.2.jar:/home/yashpatel/.m2/repository/org/slf4j/slf4j-api/1.7.21/slf4j-api-1.7.21.jar:/home/yashpatel/.m2/repository/org/slf4j/jcl-over-slf4j/1.7.21/jcl-over-slf4j-1.7.21.jar:/home/yashpatel/.m2/repository/org/slf4j/slf4j-log4j12/1.7.21/slf4j-log4j12-1.7.21.jar:/home/yashpatel/.m2/repository/log4j/log4j/1.2.17/log4j-1.2.17.jar:/home/yashpatel/.m2/repository/org/apache/commons/commons-lang3/3.4/commons-lang3-3.4.jar:/home/yashpatel/.m2/repository/commons-codec/commons-codec/1.10/commons-codec-1.10.jar:/home/yashpatel/.m2/repository/org/apache/httpcomponents/httpclient/4.5.2/httpclient-4.5.2.jar:/home/yashpatel/.m2/repository/org/apache/httpcomponents/httpcore/4.4.4/httpcore-4.4.4.jar:/home/yashpatel/.m2/repository/commons-logging/commons-logging/1.2/commons-logging-1.2.jar:/home/yashpatel/.m2/repository/com/fasterxml/jackson/core/jackson-core/2.7.3/jackson-core-2.7.3.jar:/home/yashpatel/.m2/repository/com/fasterxml/jackson/core/jackson-databind/2.7.3/jackson-databind-2.7.3.jar:/home/yashpatel/.m2/repository/com/fasterxml/jackson/core/jackson-annotations/2.7.0/jackson-annotations-2.7.0.jar:/home/yashpatel/.m2/repository/org/apache/xmlgraphics/xmlgraphics-commons/2.1/xmlgraphics-commons-2.1.jar:/home/yashpatel/.m2/repository/org/apache/avalon/framework/avalon-framework-api/4.3.1/avalon-framework-api-4.3.1.jar:/home/yashpatel/.m2/repository/org/apache/avalon/framework/avalon-framework-impl/4.3.1/avalon-framework-impl-4.3.1.jar:/home/yashpatel/.m2/repository/xalan/xalan/2.7.2/xalan-2.7.2.jar:/home/yashpatel/.m2/repository/xalan/serializer/2.7.2/serializer-2.7.2.jar:/home/yashpatel/.m2/repository/net/arnx/wmf2svg/0.9.8/wmf2svg-0.9.8.jar:/home/yashpatel/.m2/repository/org/antlr/antlr-runtime/3.5.2/antlr-runtime-3.5.2.jar:/home/yashpatel/.m2/repository/org/antlr/stringtemplate/3.2.1/stringtemplate-3.2.1.jar:/home/yashpatel/.m2/repository/antlr/antlr/2.7.7/antlr-2.7.7.jar:/home/yashpatel/.m2/repository/com/google/guava/guava/19.0/guava-19.0.jar:/home/yashpatel/.m2/repository/org/springframework/spring-expression/4.3.6.RELEASE/spring-expression-4.3.6.RELEASE.jar:/home/yashpatel/.m2/repository/org/springframework/spring-core/4.3.6.RELEASE/spring-core-4.3.6.RELEASE.jar:"/>
    <property name="java.vm.vendor" value="Oracle Corporation"/>
    <property name="sun.arch.data.model" value="64"/>
    <property name="java.vendor.url" value="http://java.oracle.com/"/>
    <property name="user.timezone" value=""/>
    <property name="java.vm.specification.version" value="1.8"/>
    <property name="os.name" value="Linux"/>
    <property name="user.country" value="US"/>
    <property name="sun.java.launcher" value="SUN_STANDARD"/>
    <property name="sun.boot.library.path" value="/usr/lib/jvm/java-8-oracle/jre/lib/amd64"/>
    <property name="sun.java.command" value="/home/yashpatel/DocGenFromTemplate/DocGenFormTemplate/target/surefire/surefirebooter2321267112629471738.jar /home/yashpatel/DocGenFromTemplate/DocGenFormTemplate/target/surefire 2018-10-08T18-43-13_537-jvmRun1 surefire1582157997044829147tmp surefire_06032088109610066104tmp"/>
    <property name="surefire.test.class.path" value="/home/yashpatel/DocGenFromTemplate/DocGenFormTemplate/target/test-classes:/home/yashpatel/DocGenFromTemplate/DocGenFormTemplate/target/classes:/home/yashpatel/.m2/repository/junit/junit/4.11/junit-4.11.jar:/home/yashpatel/.m2/repository/org/hamcrest/hamcrest-core/1.3/hamcrest-core-1.3.jar:/home/yashpatel/.m2/repository/org/wickedsource/docx-stamper/1.1.0/docx-stamper-1.1.0.jar:/home/yashpatel/.m2/repository/commons-io/commons-io/2.5/commons-io-2.5.jar:/home/yashpatel/.m2/repository/org/javassist/javassist/3.21.0-GA/javassist-3.21.0-GA.jar:/home/yashpatel/.m2/repository/org/docx4j/docx4j/3.3.0/docx4j-3.3.0.jar:/home/yashpatel/.m2/repository/org/plutext/jaxb-svg11/1.0.2/jaxb-svg11-1.0.2.jar:/home/yashpatel/.m2/repository/net/engio/mbassador/1.2.4.2/mbassador-1.2.4.2.jar:/home/yashpatel/.m2/repository/org/slf4j/slf4j-api/1.7.21/slf4j-api-1.7.21.jar:/home/yashpatel/.m2/repository/org/slf4j/jcl-over-slf4j/1.7.21/jcl-over-slf4j-1.7.21.jar:/home/yashpatel/.m2/repository/org/slf4j/slf4j-log4j12/1.7.21/slf4j-log4j12-1.7.21.jar:/home/yashpatel/.m2/repository/log4j/log4j/1.2.17/log4j-1.2.17.jar:/home/yashpatel/.m2/repository/org/apache/commons/commons-lang3/3.4/commons-lang3-3.4.jar:/home/yashpatel/.m2/repository/commons-codec/commons-codec/1.10/commons-codec-1.10.jar:/home/yashpatel/.m2/repository/org/apache/httpcomponents/httpclient/4.5.2/httpclient-4.5.2.jar:/home/yashpatel/.m2/repository/org/apache/httpcomponents/httpcore/4.4.4/httpcore-4.4.4.jar:/home/yashpatel/.m2/repository/commons-logging/commons-logging/1.2/commons-logging-1.2.jar:/home/yashpatel/.m2/repository/com/fasterxml/jackson/core/jackson-core/2.7.3/jackson-core-2.7.3.jar:/home/yashpatel/.m2/repository/com/fasterxml/jackson/core/jackson-databind/2.7.3/jackson-databind-2.7.3.jar:/home/yashpatel/.m2/repository/com/fasterxml/jackson/core/jackson-annotations/2.7.0/jackson-annotations-2.7.0.jar:/home/yashpatel/.m2/repository/org/apache/xmlgraphics/xmlgraphics-commons/2.1/xmlgraphics-commons-2.1.jar:/home/yashpatel/.m2/repository/org/apache/avalon/framework/avalon-framework-api/4.3.1/avalon-framework-api-4.3.1.jar:/home/yashpatel/.m2/repository/org/apache/avalon/framework/avalon-framework-impl/4.3.1/avalon-framework-impl-4.3.1.jar:/home/yashpatel/.m2/repository/xalan/xalan/2.7.2/xalan-2.7.2.jar:/home/yashpatel/.m2/repository/xalan/serializer/2.7.2/serializer-2.7.2.jar:/home/yashpatel/.m2/repository/net/arnx/wmf2svg/0.9.8/wmf2svg-0.9.8.jar:/home/yashpatel/.m2/repository/org/antlr/antlr-runtime/3.5.2/antlr-runtime-3.5.2.jar:/home/yashpatel/.m2/repository/org/antlr/stringtemplate/3.2.1/stringtemplate-3.2.1.jar:/home/yashpatel/.m2/repository/antlr/antlr/2.7.7/antlr-2.7.7.jar:/home/yashpatel/.m2/repository/com/google/guava/guava/19.0/guava-19.0.jar:/home/yashpatel/.m2/repository/org/springframework/spring-expression/4.3.6.RELEASE/spring-expression-4.3.6.RELEASE.jar:/home/yashpatel/.m2/repository/org/springframework/spring-core/4.3.6.RELEASE/spring-core-4.3.6.RELEASE.jar:"/>
    <property name="sun.cpu.endian" value="little"/>
    <property name="user.home" value="/home/yashpatel"/>
    <property name="user.language" value="en"/>
    <property name="java.specification.vendor" value="Oracle Corporation"/>
    <property name="java.home" value="/usr/lib/jvm/java-8-oracle/jre"/>
    <property name="basedir" value="/home/yashpatel/DocGenFromTemplate/DocGenFormTemplate"/>
    <property name="file.separator" value="/"/>
    <property name="line.separator" value="&#10;"/>
    <property name="java.vm.specification.vendor" value="Oracle Corporation"/>
    <property name="java.specification.name" value="Java Platform API Specification"/>
    <property name="java.awt.graphicsenv" value="sun.awt.X11GraphicsEnvironment"/>
    <property name="surefire.real.class.path" value="/home/yashpatel/DocGenFromTemplate/DocGenFormTemplate/target/surefire/surefirebooter2321267112629471738.jar"/>
    <property name="sun.boot.class.path" value="/usr/lib/jvm/java-8-oracle/jre/lib/resources.jar:/usr/lib/jvm/java-8-oracle/jre/lib/rt.jar:/usr/lib/jvm/java-8-oracle/jre/lib/sunrsasign.jar:/usr/lib/jvm/java-8-oracle/jre/lib/jsse.jar:/usr/lib/jvm/java-8-oracle/jre/lib/jce.jar:/usr/lib/jvm/java-8-oracle/jre/lib/charsets.jar:/usr/lib/jvm/java-8-oracle/jre/lib/jfr.jar:/usr/lib/jvm/java-8-oracle/jre/classes"/>
    <property name="sun.management.compiler" value="HotSpot 64-Bit Tiered Compilers"/>
    <property name="java.runtime.version" value="1.8.0_181-b13"/>
    <property name="user.name" value="yashpatel"/>
    <property name="path.separator" value=":"/>
    <property name="os.version" value="4.4.0-112-generic"/>
    <property name="java.endorsed.dirs" value="/usr/lib/jvm/java-8-oracle/jre/lib/endorsed"/>
    <property name="java.runtime.name" value="Java(TM) SE Runtime Environment"/>
    <property name="file.encoding" value="UTF-8"/>
    <property name="java.vm.name" value="Java HotSpot(TM) 64-Bit Server VM"/>
    <property name="localRepository" value="/home/yashpatel/.m2/repository"/>
    <property name="java.vendor.url.bug" value="http://bugreport.sun.com/bugreport/"/>
    <property name="java.io.tmpdir" value="/tmp"/>
    <property name="java.version" value="1.8.0_181"/>
    <property name="user.dir" value="/home/yashpatel/DocGenFromTemplate/DocGenFormTemplate"/>
    <property name="os.arch" value="amd64"/>
    <property name="java.vm.specification.name" value="Java Virtual Machine Specification"/>
    <property name="java.awt.printerjob" value="sun.print.PSPrinterJob"/>
    <property name="sun.os.patch.level" value="unknown"/>
    <property name="java.library.path" value="/usr/java/packages/lib/amd64:/usr/lib64:/lib64:/lib:/usr/lib"/>
    <property name="java.vm.info" value="mixed mode"/>
    <property name="java.vendor" value="Oracle Corporation"/>
    <property name="java.vm.version" value="25.181-b13"/>
    <property name="java.ext.dirs" value="/usr/lib/jvm/java-8-oracle/jre/lib/ext:/usr/java/packages/lib/ext"/>
    <property name="sun.io.unicode.encoding" value="UnicodeLittle"/>
    <property name="java.class.version" value="52.0"/>
  </properties>
  <testcase name="shouldAnswerWithTrue" classname="C2.DocGenFormTemplate.AppTest" time="0.001"/>
</testsuite>